# JRE version: OpenJDK Runtime Environment Temurin-21.0.10+7 (21.0.10+7) (build 21.0.10+7-LTS)
# Java VM: OpenJDK 64-Bit Server VM Temurin-21.0.10+7 (21.0.10+7-LTS, mixed mode, sharing, tiered, compressed oops, compressed class ptrs, parallel gc, windows-amd64)
GC Precious Log:
 CardTable entry size: 512
 CPUs: 8 total, 8 available
 Memory: 7859M
 Large Page Support: Disabled
 NUMA Support: Disabled
 Compressed Oops: Enabled (32-bit)
 Alignments: Space 512K, Generation 512K, Heap 2M
 Heap Min Capacity: 100M
 Heap Initial Capacity: 100M
 Heap Max Capacity: 2G
 Pre-touch: Disabled
 Parallel Workers: 8
Heap:
 PSYoungGen      total 7680K, used 5667K [0x00000000d5580000, 0x00000000d6080000, 0x0000000100000000)
  eden space 4096K, 74% used [0x00000000d5580000,0x00000000d5878ea8,0x00000000d5980000)
  from space 3584K, 73% used [0x00000000d5980000,0x00000000d5c10000,0x00000000d5d00000)
  to   space 3072K, 0% used [0x00000000d5d80000,0x00000000d5d80000,0x00000000d6080000)
 ParOldGen       total 930304K, used 549418K [0x0000000080000000, 0x00000000b8c80000, 0x00000000d5580000)
  object space 930304K, 59% used [0x0000000080000000,0x00000000a188ab38,0x00000000b8c80000)
 Metaspace       used 97584K, committed 99648K, reserved 1179648K
  class space    used 10104K, committed 11008K, reserved 1048576K
GC Heap History (20 events):
Event: 3195.464 GC heap before
{Heap before GC invocations=1756 (full 5):
 PSYoungGen      total 4096K, used 3684K [0x00000000d5580000, 0x00000000d5c00000, 0x0000000100000000)
  eden space 2048K, 98% used [0x00000000d5580000,0x00000000d5779c60,0x00000000d5780000)
  from space 2048K, 81% used [0x00000000d5780000,0x00000000d591f408,0x00000000d5980000)
  to   space 2048K, 0% used [0x00000000d5a00000,0x00000000d5a00000,0x00000000d5c00000)
 ParOldGen       total 930304K, used 501042K [0x0000000080000000, 0x00000000b8c80000, 0x00000000d5580000)
  object space 930304K, 53% used [0x0000000080000000,0x000000009e94c930,0x00000000b8c80000)
 Metaspace       used 97572K, committed 99648K, reserved 1179648K
  class space    used 10104K, committed 11008K, reserved 1048576K
}
Event: 3195.473 GC heap after
{Heap after GC invocations=1756 (full 5):
 PSYoungGen      total 3072K, used 2022K [0x00000000d5580000, 0x00000000d5f00000, 0x0000000100000000)
  eden space 1024K, 0% used [0x00000000d5580000,0x00000000d5580000,0x00000000d5680000)
  from space 2048K, 98% used [0x00000000d5a00000,0x00000000d5bf9bf8,0x00000000d5c00000)
  to   space 3584K, 0% used [0x00000000d5680000,0x00000000d5680000,0x00000000d5a00000)
 ParOldGen       total 930304K, used 502167K [0x0000000080000000, 0x00000000b8c80000, 0x00000000d5580000)
  object space 930304K, 53% used [0x0000000080000000,0x000000009ea65c68,0x00000000b8c80000)
 Metaspace       used 97572K, committed 99648K, reserved 1179648K
  class space    used 10104K, committed 11008K, reserved 1048576K
}
Event: 3195.530 GC heap before
{Heap before GC invocations=1757 (full 5):
 PSYoungGen      total 3072K, used 3042K [0x00000000d5580000, 0x00000000d5f00000, 0x0000000100000000)
  eden space 1024K, 99% used [0x00000000d5580000,0x00000000d567eff0,0x00000000d5680000)
  from space 2048K, 98% used [0x00000000d5a00000,0x00000000d5bf9bf8,0x00000000d5c00000)
  to   space 3584K, 0% used [0x00000000d5680000,0x00000000d5680000,0x00000000d5a00000)
 ParOldGen       total 930304K, used 504755K [0x0000000080000000, 0x00000000b8c80000, 0x00000000d5580000)
  object space 930304K, 54% used [0x0000000080000000,0x000000009ececfa0,0x00000000b8c80000)
 Metaspace       used 97572K, committed 99648K, reserved 1179648K
  class space    used 10104K, committed 11008K, reserved 1048576K
}
Event: 3195.545 GC heap after
{Heap after GC invocations=1757 (full 5):
 PSYoungGen      total 2560K, used 1091K [0x00000000d5580000, 0x00000000d5b00000, 0x0000000100000000)
  eden space 1024K, 0% used [0x00000000d5580000,0x00000000d5580000,0x00000000d5680000)
  from space 1536K, 71% used [0x00000000d5680000,0x00000000d5790f08,0x00000000d5800000)
  to   space 2048K, 0% used [0x00000000d5900000,0x00000000d5900000,0x00000000d5b00000)
 ParOldGen       total 930304K, used 506750K [0x0000000080000000, 0x00000000b8c80000, 0x00000000d5580000)
  object space 930304K, 54% used [0x0000000080000000,0x000000009eedf920,0x00000000b8c80000)
 Metaspace       used 97572K, committed 99648K, reserved 1179648K
  class space    used 10104K, committed 11008K, reserved 1048576K
}
Event: 3195.579 GC heap before
{Heap before GC invocations=1758 (full 5):
 PSYoungGen      total 2560K, used 2115K [0x00000000d5580000, 0x00000000d5b00000, 0x0000000100000000)
  eden space 1024K, 100% used [0x00000000d5580000,0x00000000d5680000,0x00000000d5680000)
  from space 1536K, 71% used [0x00000000d5680000,0x00000000d5790f08,0x00000000d5800000)
  to   space 2048K, 0% used [0x00000000d5900000,0x00000000d5900000,0x00000000d5b00000)
 ParOldGen       total 930304K, used 506750K [0x0000000080000000, 0x00000000b8c80000, 0x00000000d5580000)
  object space 930304K, 54% used [0x0000000080000000,0x000000009eedf920,0x00000000b8c80000)
 Metaspace       used 97572K, committed 99648K, reserved 1179648K
  class space    used 10104K, committed 11008K, reserved 1048576K
}
Event: 3195.587 GC heap after
{Heap after GC invocations=1758 (full 5):
 PSYoungGen      total 3072K, used 1194K [0x00000000d5580000, 0x00000000d5a80000, 0x0000000100000000)
  eden space 1536K, 0% used [0x00000000d5580000,0x00000000d5580000,0x00000000d5700000)
  from space 1536K, 77% used [0x00000000d5900000,0x00000000d5a2aa58,0x00000000d5a80000)
  to   space 1536K, 0% used [0x00000000d5780000,0x00000000d5780000,0x00000000d5900000)
 ParOldGen       total 930304K, used 507754K [0x0000000080000000, 0x00000000b8c80000, 0x00000000d5580000)
  object space 930304K, 54% used [0x0000000080000000,0x000000009efdab70,0x00000000b8c80000)
 Metaspace       used 97572K, committed 99648K, reserved 1179648K
  class space    used 10104K, committed 11008K, reserved 1048576K
}
Event: 3195.683 GC heap before
{Heap before GC invocations=1759 (full 5):
 PSYoungGen      total 3072K, used 2730K [0x00000000d5580000, 0x00000000d5a80000, 0x0000000100000000)
  eden space 1536K, 100% used [0x00000000d5580000,0x00000000d5700000,0x00000000d5700000)
  from space 1536K, 77% used [0x00000000d5900000,0x00000000d5a2aa58,0x00000000d5a80000)
  to   space 1536K, 0% used [0x00000000d5780000,0x00000000d5780000,0x00000000d5900000)
 ParOldGen       total 930304K, used 507754K [0x0000000080000000, 0x00000000b8c80000, 0x00000000d5580000)
  object space 930304K, 54% used [0x0000000080000000,0x000000009efdab70,0x00000000b8c80000)
 Metaspace       used 97572K, committed 99648K, reserved 1179648K
  class space    used 10104K, committed 11008K, reserved 1048576K
}
Event: 3195.691 GC heap after
{Heap after GC invocations=1759 (full 5):
 PSYoungGen      total 3072K, used 736K [0x00000000d5580000, 0x00000000d5980000, 0x0000000100000000)
  eden space 2048K, 0% used [0x00000000d5580000,0x00000000d5580000,0x00000000d5780000)
  from space 1024K, 71% used [0x00000000d5780000,0x00000000d5838000,0x00000000d5880000)
  to   space 1024K, 0% used [0x00000000d5880000,0x00000000d5880000,0x00000000d5980000)
 ParOldGen       total 930304K, used 508782K [0x0000000080000000, 0x00000000b8c80000, 0x00000000d5580000)
  object space 930304K, 54% used [0x0000000080000000,0x000000009f0dbaa8,0x00000000b8c80000)
 Metaspace       used 97572K, committed 99648K, reserved 1179648K
  class space    used 10104K, committed 11008K, reserved 1048576K
}
Event: 3195.743 GC heap before
{Heap before GC invocations=1760 (full 5):
 PSYoungGen      total 3072K, used 2784K [0x00000000d5580000, 0x00000000d5980000, 0x0000000100000000)
  eden space 2048K, 100% used [0x00000000d5580000,0x00000000d5780000,0x00000000d5780000)
  from space 1024K, 71% used [0x00000000d5780000,0x00000000d5838000,0x00000000d5880000)
  to   space 1024K, 0% used [0x00000000d5880000,0x00000000d5880000,0x00000000d5980000)
 ParOldGen       total 930304K, used 508782K [0x0000000080000000, 0x00000000b8c80000, 0x00000000d5580000)
  object space 930304K, 54% used [0x0000000080000000,0x000000009f0dbaa8,0x00000000b8c80000)
 Metaspace       used 97573K, committed 99648K, reserved 1179648K
  class space    used 10104K, committed 11008K, reserved 1048576K
}
Event: 3195.751 GC heap after
{Heap after GC invocations=1760 (full 5):
 PSYoungGen      total 3072K, used 938K [0x00000000d5580000, 0x00000000d5a00000, 0x0000000100000000)
  eden space 2048K, 0% used [0x00000000d5580000,0x00000000d5580000,0x00000000d5780000)
  from space 1024K, 91% used [0x00000000d5880000,0x00000000d596aad8,0x00000000d5980000)
  to   space 1024K, 0% used [0x00000000d5780000,0x00000000d5780000,0x00000000d5880000)
 ParOldGen       total 930304K, used 509785K [0x0000000080000000, 0x00000000b8c80000, 0x00000000d5580000)
  object space 930304K, 54% used [0x0000000080000000,0x000000009f1d6580,0x00000000b8c80000)
 Metaspace       used 97573K, committed 99648K, reserved 1179648K
  class space    used 10104K, committed 11008K, reserved 1048576K
}
Event: 3195.764 GC heap before
{Heap before GC invocations=1761 (full 5):
 PSYoungGen      total 3072K, used 2986K [0x00000000d5580000, 0x00000000d5a00000, 0x0000000100000000)
  eden space 2048K, 100% used [0x00000000d5580000,0x00000000d5780000,0x00000000d5780000)
  from space 1024K, 91% used [0x00000000d5880000,0x00000000d596aad8,0x00000000d5980000)
  to   space 1024K, 0% used [0x00000000d5780000,0x00000000d5780000,0x00000000d5880000)
 ParOldGen       total 930304K, used 509785K [0x0000000080000000, 0x00000000b8c80000, 0x00000000d5580000)
  object space 930304K, 54% used [0x0000000080000000,0x000000009f1d6580,0x00000000b8c80000)
 Metaspace       used 97575K, committed 99648K, reserved 1179648K
  class space    used 10104K, committed 11008K, reserved 1048576K
}
Event: 3195.780 GC heap after
{Heap after GC invocations=1761 (full 5):
 PSYoungGen      total 3072K, used 992K [0x00000000d5580000, 0x00000000d5e00000, 0x0000000100000000)
  eden space 2048K, 0% used [0x00000000d5580000,0x00000000d5580000,0x00000000d5780000)
  from space 1024K, 96% used [0x00000000d5780000,0x00000000d5878020,0x00000000d5880000)
  to   space 3072K, 0% used [0x00000000d5b00000,0x00000000d5b00000,0x00000000d5e00000)
 ParOldGen       total 930304K, used 511332K [0x0000000080000000, 0x00000000b8c80000, 0x00000000d5580000)
  object space 930304K, 54% used [0x0000000080000000,0x000000009f359058,0x00000000b8c80000)
 Metaspace       used 97575K, committed 99648K, reserved 1179648K
  class space    used 10104K, committed 11008K, reserved 1048576K
}
Event: 3195.791 GC heap before
{Heap before GC invocations=1762 (full 5):
 PSYoungGen      total 3072K, used 3040K [0x00000000d5580000, 0x00000000d5e00000, 0x0000000100000000)
  eden space 2048K, 100% used [0x00000000d5580000,0x00000000d5780000,0x00000000d5780000)
  from space 1024K, 96% used [0x00000000d5780000,0x00000000d5878020,0x00000000d5880000)
  to   space 3072K, 0% used [0x00000000d5b00000,0x00000000d5b00000,0x00000000d5e00000)
 ParOldGen       total 930304K, used 511332K [0x0000000080000000, 0x00000000b8c80000, 0x00000000d5580000)
  object space 930304K, 54% used [0x0000000080000000,0x000000009f359058,0x00000000b8c80000)
 Metaspace       used 97575K, committed 99648K, reserved 1179648K
  class space    used 10104K, committed 11008K, reserved 1048576K
}
Event: 3195.799 GC heap after
{Heap after GC invocations=1762 (full 5):
 PSYoungGen      total 4608K, used 1568K [0x00000000d5580000, 0x00000000d5d00000, 0x0000000100000000)
  eden space 2560K, 0% used [0x00000000d5580000,0x00000000d5580000,0x00000000d5800000)
  from space 2048K, 76% used [0x00000000d5b00000,0x00000000d5c88000,0x00000000d5d00000)
  to   space 2048K, 0% used [0x00000000d5900000,0x00000000d5900000,0x00000000d5b00000)
 ParOldGen       total 930304K, used 512356K [0x0000000080000000, 0x00000000b8c80000, 0x00000000d5580000)
  object space 930304K, 55% used [0x0000000080000000,0x000000009f459078,0x00000000b8c80000)
 Metaspace       used 97575K, committed 99648K, reserved 1179648K
  class space    used 10104K, committed 11008K, reserved 1048576K
}
Event: 3195.823 GC heap before
{Heap before GC invocations=1763 (full 5):
 PSYoungGen      total 4608K, used 4128K [0x00000000d5580000, 0x00000000d5d00000, 0x0000000100000000)
  eden space 2560K, 100% used [0x00000000d5580000,0x00000000d5800000,0x00000000d5800000)
  from space 2048K, 76% used [0x00000000d5b00000,0x00000000d5c88000,0x00000000d5d00000)
  to   space 2048K, 0% used [0x00000000d5900000,0x00000000d5900000,0x00000000d5b00000)
 ParOldGen       total 930304K, used 512356K [0x0000000080000000, 0x00000000b8c80000, 0x00000000d5580000)
  object space 930304K, 55% used [0x0000000080000000,0x000000009f459078,0x00000000b8c80000)
 Metaspace       used 97575K, committed 99648K, reserved 1179648K
  class space    used 10104K, committed 11008K, reserved 1048576K
}
Event: 3195.839 GC heap after
{Heap after GC invocations=1763 (full 5):
 PSYoungGen      total 5120K, used 2048K [0x00000000d5580000, 0x00000000d6180000, 0x0000000100000000)
  eden space 3072K, 0% used [0x00000000d5580000,0x00000000d5580000,0x00000000d5880000)
  from space 2048K, 100% used [0x00000000d5900000,0x00000000d5b00000,0x00000000d5b00000)
  to   space 4608K, 0% used [0x00000000d5d00000,0x00000000d5d00000,0x00000000d6180000)
 ParOldGen       total 930304K, used 514056K [0x0000000080000000, 0x00000000b8c80000, 0x00000000d5580000)
  object space 930304K, 55% used [0x0000000080000000,0x000000009f6022c8,0x00000000b8c80000)
 Metaspace       used 97575K, committed 99648K, reserved 1179648K
  class space    used 10104K, committed 11008K, reserved 1048576K
}
Event: 3195.878 GC heap before
{Heap before GC invocations=1764 (full 5):
 PSYoungGen      total 5120K, used 5042K [0x00000000d5580000, 0x00000000d6180000, 0x0000000100000000)
  eden space 3072K, 97% used [0x00000000d5580000,0x00000000d586c838,0x00000000d5880000)
  from space 2048K, 100% used [0x00000000d5900000,0x00000000d5b00000,0x00000000d5b00000)
  to   space 4608K, 0% used [0x00000000d5d00000,0x00000000d5d00000,0x00000000d6180000)
 ParOldGen       total 930304K, used 514056K [0x0000000080000000, 0x00000000b8c80000, 0x00000000d5580000)
  object space 930304K, 55% used [0x0000000080000000,0x000000009f6022c8,0x00000000b8c80000)
 Metaspace       used 97577K, committed 99648K, reserved 1179648K
  class space    used 10104K, committed 11008K, reserved 1048576K
}
Event: 3195.898 GC heap after
{Heap after GC invocations=1764 (full 5):
 PSYoungGen      total 7680K, used 2792K [0x00000000d5580000, 0x00000000d6080000, 0x0000000100000000)
  eden space 4096K, 0% used [0x00000000d5580000,0x00000000d5580000,0x00000000d5980000)
  from space 3584K, 77% used [0x00000000d5d00000,0x00000000d5fba000,0x00000000d6080000)
  to   space 3584K, 0% used [0x00000000d5980000,0x00000000d5980000,0x00000000d5d00000)
 ParOldGen       total 930304K, used 516158K [0x0000000080000000, 0x00000000b8c80000, 0x00000000d5580000)
  object space 930304K, 55% used [0x0000000080000000,0x000000009f80faf8,0x00000000b8c80000)
 Metaspace       used 97577K, committed 99648K, reserved 1179648K
  class space    used 10104K, committed 11008K, reserved 1048576K
}
Event: 3196.113 GC heap before
{Heap before GC invocations=1765 (full 5):
 PSYoungGen      total 7680K, used 6412K [0x00000000d5580000, 0x00000000d6080000, 0x0000000100000000)
  eden space 4096K, 88% used [0x00000000d5580000,0x00000000d59090b0,0x00000000d5980000)
  from space 3584K, 77% used [0x00000000d5d00000,0x00000000d5fba000,0x00000000d6080000)
  to   space 3584K, 0% used [0x00000000d5980000,0x00000000d5980000,0x00000000d5d00000)
 ParOldGen       total 930304K, used 523838K [0x0000000080000000, 0x00000000b8c80000, 0x00000000d5580000)
  object space 930304K, 56% used [0x0000000080000000,0x000000009ff8fb08,0x00000000b8c80000)
 Metaspace       used 97578K, committed 99648K, reserved 1179648K
  class space    used 10104K, committed 11008K, reserved 1048576K
}
Event: 3196.131 GC heap after
{Heap after GC invocations=1765 (full 5):
 PSYoungGen      total 7680K, used 2624K [0x00000000d5580000, 0x00000000d6080000, 0x0000000100000000)
  eden space 4096K, 0% used [0x00000000d5580000,0x00000000d5580000,0x00000000d5980000)
  from space 3584K, 73% used [0x00000000d5980000,0x00000000d5c10000,0x00000000d5d00000)
  to   space 3072K, 0% used [0x00000000d5d80000,0x00000000d5d80000,0x00000000d6080000)
 ParOldGen       total 930304K, used 526378K [0x0000000080000000, 0x00000000b8c80000, 0x00000000d5580000)
  object space 930304K, 56% used [0x0000000080000000,0x00000000a020ab18,0x00000000b8c80000)
 Metaspace       used 97578K, committed 99648K, reserved 1179648K
  class space    used 10104K, committed 11008K, reserved 1048576K
}

